------------------------------------------------------------------------------------------------------------------------

[2025-12-09 19:34:45 #1 store] 
Database 'C:\Users\Mohammad\Documents\Eclipse Workspace\U4_ObjectDB_Actividades\data\concesionario.odb' is opened by 4372@DESKTOP-4B4VG9G

[2025-12-09 19:34:45 #2 store] 
Configuration path: ?

[2025-12-09 19:34:45 #3 type] 
Type modelo.Cliente is not enhanced.

[2025-12-09 19:34:45 #4 type] 
Type modelo.Venta is not enhanced.

[2025-12-09 19:34:45 #5 type] 
Type modelo.Domicilio is not enhanced.

[2025-12-09 19:34:45 #6 type] 
Type modelo.Turismo is not enhanced.

[2025-12-09 19:34:45 #7 store] 
Database 'C:\Users\Mohammad\Documents\Eclipse Workspace\U4_ObjectDB_Actividades\data\concesionario.odb' is closed by 4372@DESKTOP-4B4VG9G

------------------------------------------------------------------------------------------------------------------------

[2025-12-09 19:41:48 #1 store] 
Database 'C:\Users\Mohammad\Documents\Eclipse Workspace\U4_ObjectDB_Actividades\data\concesionario.odb' is opened by 7152@DESKTOP-4B4VG9G

[2025-12-09 19:41:48 #2 store] 
Configuration path: ?

[2025-12-09 19:41:48 #3 type] 
Type modelo.Cliente is not enhanced.

[2025-12-09 19:41:48 #4 type] 
Type modelo.Venta is not enhanced.

[2025-12-09 19:41:48 #5 type] 
Type modelo.Domicilio is not enhanced.

[2025-12-09 19:41:48 #6 type] 
Type modelo.Turismo is not enhanced.

[2025-12-09 19:41:48 #7 store] 
Database 'C:\Users\Mohammad\Documents\Eclipse Workspace\U4_ObjectDB_Actividades\data\concesionario.odb' is closed by 7152@DESKTOP-4B4VG9G

------------------------------------------------------------------------------------------------------------------------

[2025-12-09 19:48:59 #1 store] 
Database 'C:\Users\Mohammad\Documents\Eclipse Workspace\U4_ObjectDB_Actividades\data\campeonato.odb' is opened by 16708@DESKTOP-4B4VG9G

[2025-12-09 19:48:59 #2 store] 
Configuration path: ?

[2025-12-09 19:48:59 #3 type] 
Type modelo.Cliente is not enhanced.

[2025-12-09 19:48:59 #4 type] 
Type modelo.Venta is not enhanced.

[2025-12-09 19:48:59 #5 type] 
Type modelo.Domicilio is not enhanced.

[2025-12-09 19:48:59 #6 type] 
Type modelo.Turismo is not enhanced.

[2025-12-09 19:48:59 #7 store] 
Database 'C:\Users\Mohammad\Documents\Eclipse Workspace\U4_ObjectDB_Actividades\data\campeonato.odb' is closed by 16708@DESKTOP-4B4VG9G

------------------------------------------------------------------------------------------------------------------------

[2025-12-09 19:52:46 #1 store] 
Database 'C:\Users\Mohammad\Documents\Eclipse Workspace\U4_ObjectDB_Actividades\data\concesionario.odb' is opened by 2552@DESKTOP-4B4VG9G

[2025-12-09 19:52:46 #2 store] 
Configuration path: ?

[2025-12-09 19:52:46 #3 type] 
Type modelo.Cliente is not enhanced.

[2025-12-09 19:52:46 #4 type] 
Type modelo.Venta is not enhanced.

[2025-12-09 19:52:46 #5 type] 
Type modelo.Domicilio is not enhanced.

[2025-12-09 19:52:46 #6 type] 
Type modelo.Turismo is not enhanced.

[2025-12-09 19:52:46 #7 store] 
Database 'C:\Users\Mohammad\Documents\Eclipse Workspace\U4_ObjectDB_Actividades\data\concesionario.odb' is closed by 2552@DESKTOP-4B4VG9G

------------------------------------------------------------------------------------------------------------------------

[2025-12-09 19:56:55 #1 store] 
Database 'C:\Users\Mohammad\Documents\Eclipse Workspace\U4_ObjectDB_Actividades\data\concesionario.odb' is opened by 2580@DESKTOP-4B4VG9G

[2025-12-09 19:56:55 #2 store] 
Configuration path: ?

[2025-12-09 19:56:55 #3 type] 
Type modelo.Cliente is not enhanced.

[2025-12-09 19:56:55 #4 type] 
Type modelo.Venta is not enhanced.

[2025-12-09 19:56:55 #5 type] 
Type modelo.Domicilio is not enhanced.

[2025-12-09 19:56:55 #6 type] 
Type modelo.Turismo is not enhanced.

[2025-12-09 19:56:56 #7 store] 
Database 'C:\Users\Mohammad\Documents\Eclipse Workspace\U4_ObjectDB_Actividades\data\concesionario.odb' is closed by 2580@DESKTOP-4B4VG9G

------------------------------------------------------------------------------------------------------------------------

[2025-12-09 19:58:26 #1 store] 
Database 'C:\Users\Mohammad\Documents\Eclipse Workspace\U4_ObjectDB_Actividades\data\concesionario.odb' is opened by 18268@DESKTOP-4B4VG9G

[2025-12-09 19:58:26 #2 store] 
Configuration path: ?

[2025-12-09 19:58:26 #3 type] 
Type modelo.Cliente is not enhanced.

[2025-12-09 19:58:26 #4 type] 
Type modelo.Venta is not enhanced.

[2025-12-09 19:58:26 #5 type] 
Type modelo.Domicilio is not enhanced.

[2025-12-09 19:58:26 #6 type] 
Type modelo.Turismo is not enhanced.

[2025-12-09 19:58:26 #7 store] 
Database 'C:\Users\Mohammad\Documents\Eclipse Workspace\U4_ObjectDB_Actividades\data\concesionario.odb' is closed by 18268@DESKTOP-4B4VG9G

------------------------------------------------------------------------------------------------------------------------

[2025-12-09 20:04:57 #1 store] 
Database 'C:\Users\Mohammad\Documents\Eclipse Workspace\U4_ObjectDB_Actividades\data\concesionario.odb' is opened by 3508@DESKTOP-4B4VG9G

[2025-12-09 20:04:57 #2 store] 
Configuration path: ?

[2025-12-09 20:04:58 #3 type] 
Type modelo.Cliente is not enhanced.

[2025-12-09 20:04:58 #4 type] 
Type modelo.Venta is not enhanced.

[2025-12-09 20:04:58 #5 type] 
Type modelo.Domicilio is not enhanced.

[2025-12-09 20:04:58 #6 type] 
Type modelo.Turismo is not enhanced.

[2025-12-09 20:04:58 #7 store] 
Database 'C:\Users\Mohammad\Documents\Eclipse Workspace\U4_ObjectDB_Actividades\data\concesionario.odb' is closed by 3508@DESKTOP-4B4VG9G

------------------------------------------------------------------------------------------------------------------------

[2025-12-09 20:06:33 #1 store] 
Database 'C:\Users\Mohammad\Documents\Eclipse Workspace\U4_ObjectDB_Actividades\data\concesionario.odb' is opened by 17176@DESKTOP-4B4VG9G

[2025-12-09 20:06:33 #2 store] 
Configuration path: ?

[2025-12-09 20:06:33 #3 type] 
Type modelo.Cliente is not enhanced.

[2025-12-09 20:06:33 #4 type] 
Type modelo.Venta is not enhanced.

[2025-12-09 20:06:33 #5 type] 
Type modelo.Domicilio is not enhanced.

[2025-12-09 20:06:33 #6 type] 
Type modelo.Turismo is not enhanced.

[2025-12-09 20:06:33 #7 store] 
Database 'C:\Users\Mohammad\Documents\Eclipse Workspace\U4_ObjectDB_Actividades\data\concesionario.odb' is closed by 17176@DESKTOP-4B4VG9G

------------------------------------------------------------------------------------------------------------------------

[2025-12-09 20:06:40 #1 store] 
Database 'C:\Users\Mohammad\Documents\Eclipse Workspace\U4_ObjectDB_Actividades\data\concesionario.odb' is opened by 15716@DESKTOP-4B4VG9G

[2025-12-09 20:06:40 #2 store] 
Configuration path: ?

[2025-12-09 20:06:40 #3 type] 
Type modelo.Cliente is not enhanced.

[2025-12-09 20:06:40 #4 type] 
Type modelo.Venta is not enhanced.

[2025-12-09 20:06:40 #5 type] 
Type modelo.Domicilio is not enhanced.

[2025-12-09 20:06:40 #6 type] 
Type modelo.Turismo is not enhanced.

[2025-12-09 20:06:40 #7 store] 
Database 'C:\Users\Mohammad\Documents\Eclipse Workspace\U4_ObjectDB_Actividades\data\concesionario.odb' is closed by 15716@DESKTOP-4B4VG9G

------------------------------------------------------------------------------------------------------------------------

[2025-12-09 20:06:53 #1 store] 
Database 'C:\Users\Mohammad\Documents\Eclipse Workspace\U4_ObjectDB_Actividades\data\concesionario.odb' is opened by 18424@DESKTOP-4B4VG9G

[2025-12-09 20:06:53 #2 store] 
Configuration path: ?

[2025-12-09 20:06:53 #3 type] 
Type modelo.Cliente is not enhanced.

[2025-12-09 20:06:53 #4 type] 
Type modelo.Venta is not enhanced.

[2025-12-09 20:06:53 #5 type] 
Type modelo.Domicilio is not enhanced.

[2025-12-09 20:06:53 #6 type] 
Type modelo.Turismo is not enhanced.

[2025-12-09 20:06:53 #7 store] 
Database 'C:\Users\Mohammad\Documents\Eclipse Workspace\U4_ObjectDB_Actividades\data\concesionario.odb' is closed by 18424@DESKTOP-4B4VG9G

------------------------------------------------------------------------------------------------------------------------

[2025-12-09 20:09:54 #1 store] 
Database 'C:\Users\Mohammad\Documents\Eclipse Workspace\U4_ObjectDB_Actividades\data\concesionario.odb' is opened by 12192@DESKTOP-4B4VG9G

[2025-12-09 20:09:54 #2 store] 
Configuration path: ?

[2025-12-09 20:09:54 #3 type] 
Type modelo.Cliente is not enhanced.

[2025-12-09 20:09:54 #4 type] 
Type modelo.Venta is not enhanced.

[2025-12-09 20:09:54 #5 type] 
Type modelo.Domicilio is not enhanced.

[2025-12-09 20:09:54 #6 type] 
Type modelo.Turismo is not enhanced.

[2025-12-09 20:09:54 #7 store] 
Database 'C:\Users\Mohammad\Documents\Eclipse Workspace\U4_ObjectDB_Actividades\data\concesionario.odb' is closed by 12192@DESKTOP-4B4VG9G

------------------------------------------------------------------------------------------------------------------------

[2025-12-09 20:10:05 #1 store] 
Database 'C:\Users\Mohammad\Documents\Eclipse Workspace\U4_ObjectDB_Actividades\data\concesionario.odb' is opened by 12228@DESKTOP-4B4VG9G

[2025-12-09 20:10:05 #2 store] 
Configuration path: ?

[2025-12-09 20:10:05 #3 type] 
Type modelo.Cliente is not enhanced.

[2025-12-09 20:10:05 #4 type] 
Type modelo.Venta is not enhanced.

[2025-12-09 20:10:05 #5 type] 
Type modelo.Domicilio is not enhanced.

[2025-12-09 20:10:05 #6 type] 
Type modelo.Turismo is not enhanced.

[2025-12-09 20:10:05 #7 store] 
Database 'C:\Users\Mohammad\Documents\Eclipse Workspace\U4_ObjectDB_Actividades\data\concesionario.odb' is closed by 12228@DESKTOP-4B4VG9G

------------------------------------------------------------------------------------------------------------------------

[2025-12-09 20:14:03 #1 store] 
Database 'C:\Users\Mohammad\Documents\Eclipse Workspace\U4_ObjectDB_Actividades\data\concesionario.odb' is opened by 17520@DESKTOP-4B4VG9G

[2025-12-09 20:14:03 #2 store] 
Configuration path: ?

[2025-12-09 20:14:03 #3 type] 
Type modelo.Cliente is not enhanced.

[2025-12-09 20:14:03 #4 type] 
Type modelo.Venta is not enhanced.

[2025-12-09 20:14:03 #5 type] 
Type modelo.Domicilio is not enhanced.

[2025-12-09 20:14:03 #6 type] 
Type modelo.Turismo is not enhanced.

------------------------------------------------------------------------------------------------------------------------

[2025-12-09 20:22:54 #1 store] 
Database 'C:\Users\Mohammad\Documents\Eclipse Workspace\U4_ObjectDB_Actividades\data\concesionario.odb' is opened by 11732@DESKTOP-4B4VG9G

[2025-12-09 20:22:54 #2 store] 
Configuration path: ?

[2025-12-09 20:22:54 #3 type] 
Type modelo.Cliente is not enhanced.

[2025-12-09 20:22:54 #4 type] 
Type modelo.Venta is not enhanced.

[2025-12-09 20:22:54 #5 type] 
Type modelo.Domicilio is not enhanced.

[2025-12-09 20:22:54 #6 type] 
Type modelo.Turismo is not enhanced.

[2025-12-09 20:22:54 #7 store] 
Database 'C:\Users\Mohammad\Documents\Eclipse Workspace\U4_ObjectDB_Actividades\data\concesionario.odb' is closed by 11732@DESKTOP-4B4VG9G

------------------------------------------------------------------------------------------------------------------------

[2025-12-09 20:23:42 #1 store] 
Database 'C:\Users\Mohammad\Documents\Eclipse Workspace\U4_ObjectDB_Actividades\data\concesionario.odb' is opened by 764@DESKTOP-4B4VG9G

[2025-12-09 20:23:42 #2 store] 
Configuration path: ?

[2025-12-09 20:23:42 #3 type] 
Type modelo.Cliente is not enhanced.

[2025-12-09 20:23:42 #4 type] 
Type modelo.Venta is not enhanced.

[2025-12-09 20:23:42 #5 type] 
Type modelo.Domicilio is not enhanced.

[2025-12-09 20:23:42 #6 type] 
Type modelo.Turismo is not enhanced.

[2025-12-09 20:23:43 #7 store] 
Database 'C:\Users\Mohammad\Documents\Eclipse Workspace\U4_ObjectDB_Actividades\data\concesionario.odb' is closed by 764@DESKTOP-4B4VG9G

------------------------------------------------------------------------------------------------------------------------

[2025-12-09 20:23:54 #1 store] 
Database 'C:\Users\Mohammad\Documents\Eclipse Workspace\U4_ObjectDB_Actividades\data\concesionario.odb' is opened by 12436@DESKTOP-4B4VG9G

[2025-12-09 20:23:54 #2 store] 
Configuration path: ?

[2025-12-09 20:23:55 #3 type] 
Type modelo.Cliente is not enhanced.

[2025-12-09 20:23:55 #4 type] 
Type modelo.Venta is not enhanced.

[2025-12-09 20:23:55 #5 type] 
Type modelo.Domicilio is not enhanced.

[2025-12-09 20:23:55 #6 type] 
Type modelo.Turismo is not enhanced.

[2025-12-09 20:23:55 #7 store] 
Database 'C:\Users\Mohammad\Documents\Eclipse Workspace\U4_ObjectDB_Actividades\data\concesionario.odb' is closed by 12436@DESKTOP-4B4VG9G

------------------------------------------------------------------------------------------------------------------------

[2025-12-09 20:24:16 #1 server] 
Server on port 6136 has started by 10000@DESKTOP-4B4VG9G

------------------------------------------------------------------------------------------------------------------------

[2025-12-09 20:26:14 #1 store] 
Database 'C:\Users\Mohammad\Documents\Eclipse Workspace\U4_ObjectDB_Actividades\data\concesionario.odb' is opened by 5804@DESKTOP-4B4VG9G

[2025-12-09 20:26:14 #2 store] 
Configuration path: ?

[2025-12-09 20:26:14 #3 type] 
Type modelo.Cliente is not enhanced.

[2025-12-09 20:26:14 #4 type] 
Type modelo.Venta is not enhanced.

[2025-12-09 20:26:14 #5 type] 
Type modelo.Domicilio is not enhanced.

[2025-12-09 20:26:14 #6 type] 
Type modelo.Turismo is not enhanced.

[2025-12-09 20:26:14 #7 store] 
Database 'C:\Users\Mohammad\Documents\Eclipse Workspace\U4_ObjectDB_Actividades\data\concesionario.odb' is closed by 5804@DESKTOP-4B4VG9G

------------------------------------------------------------------------------------------------------------------------

[2025-12-09 20:28:31 #1 store] 
Database 'C:\Users\Mohammad\Documents\Eclipse Workspace\U4_ObjectDB_Actividades\data\concesionario.odb' is opened by 16248@DESKTOP-4B4VG9G

[2025-12-09 20:28:31 #2 store] 
Configuration path: ?

[2025-12-09 20:28:31 #3 type] 
Type modelo.Cliente is not enhanced.

[2025-12-09 20:28:31 #4 type] 
Type modelo.Venta is not enhanced.

[2025-12-09 20:28:31 #5 type] 
Type modelo.Domicilio is not enhanced.

[2025-12-09 20:28:31 #6 type] 
Type modelo.Turismo is not enhanced.

[2025-12-10 15:18:56 #2 server] 
Server on port 6136 has stopped by 10000@DESKTOP-4B4VG9G

