------------------------------------------------------------------------------------------------------------------------

[2025-12-11 17:11:57 #1 store] 
Database 'C:\Users\Mohammad\Documents\Eclipse Workspace\U4_ObjectDB_Actividades\data\concesionario.odb' is opened by 23768@DESKTOP-4B4VG9G

[2025-12-11 17:11:57 #2 store] 
Configuration path: ?

[2025-12-11 17:11:57 #3 type] 
Type modelo.Cliente is not enhanced.

[2025-12-11 17:11:57 #4 type] 
Type modelo.Venta is not enhanced.

[2025-12-11 17:11:57 #5 type] 
Type modelo.Domicilio is not enhanced.

[2025-12-11 17:11:57 #6 type] 
Type modelo.Turismo is not enhanced.

------------------------------------------------------------------------------------------------------------------------

[2025-12-11 17:12:08 #1 store] 
Database 'C:\Users\Mohammad\Documents\Eclipse Workspace\U4_ObjectDB_Actividades\data\concesionario.odb' is opened by 2492@DESKTOP-4B4VG9G

[2025-12-11 17:12:08 #2 store] 
Configuration path: ?

[2025-12-11 17:12:08 #3 type] 
Type modelo.Cliente is not enhanced.

[2025-12-11 17:12:08 #4 type] 
Type modelo.Venta is not enhanced.

[2025-12-11 17:12:08 #5 type] 
Type modelo.Domicilio is not enhanced.

[2025-12-11 17:12:08 #6 type] 
Type modelo.Turismo is not enhanced.

