------------------------------------------------------------------------------------------------------------------------

[2025-12-31 13:11:00 #1 store] 
Database 'C:\Users\Mohammad\Documents\Eclipse Workspace\JavaExrsc\U4_ObjectDB_Actividades\data\concesionario.odb' is opened by 28020@DESKTOP-4B4VG9G

[2025-12-31 13:11:00 #2 store] 
Configuration path: ?

[2025-12-31 13:11:00 #3 type] 
Type modelo.Cliente is not enhanced.

[2025-12-31 13:11:00 #4 type] 
Type modelo.Venta is not enhanced.

[2025-12-31 13:11:00 #5 type] 
Type modelo.Domicilio is not enhanced.

[2025-12-31 13:11:00 #6 type] 
Type modelo.Turismo is not enhanced.

------------------------------------------------------------------------------------------------------------------------

[2025-12-31 13:55:22 #1 store] 
Database 'C:\Users\Mohammad\Documents\Eclipse Workspace\JavaExrsc\U4_ObjectDB_Actividades\data\concesionario.odb' is opened by 14936@DESKTOP-4B4VG9G

[2025-12-31 13:55:22 #2 store] 
Configuration path: ?

[2025-12-31 13:55:22 #3 type] 
Type modelo.Cliente is not enhanced.

[2025-12-31 13:55:22 #4 type] 
Type modelo.Venta is not enhanced.

[2025-12-31 13:55:22 #5 type] 
Type modelo.Domicilio is not enhanced.

[2025-12-31 13:55:22 #6 type] 
Type modelo.Turismo is not enhanced.

------------------------------------------------------------------------------------------------------------------------

[2025-12-31 14:04:14 #1 store] 
Database 'C:\Users\Mohammad\Documents\Eclipse Workspace\JavaExrsc\U4_ObjectDB_Actividades\data\concesionario.odb' is opened by 8948@DESKTOP-4B4VG9G

[2025-12-31 14:04:14 #2 store] 
Configuration path: ?

[2025-12-31 14:04:14 #3 type] 
Type modelo.Cliente is not enhanced.

[2025-12-31 14:04:14 #4 type] 
Type modelo.Venta is not enhanced.

[2025-12-31 14:04:14 #5 type] 
Type modelo.Domicilio is not enhanced.

[2025-12-31 14:04:14 #6 type] 
Type modelo.Turismo is not enhanced.

[2025-12-31 14:05:15 #7 store] 
Database 'C:\Users\Mohammad\Documents\Eclipse Workspace\JavaExrsc\U4_ObjectDB_Actividades\data\concesionario.odb' is closed by 8948@DESKTOP-4B4VG9G

------------------------------------------------------------------------------------------------------------------------

[2025-12-31 14:07:30 #1 store] 
Database 'C:\Users\Mohammad\Documents\Eclipse Workspace\JavaExrsc\U4_ObjectDB_Actividades\data\concesionario.odb' is opened by 24552@DESKTOP-4B4VG9G

[2025-12-31 14:07:30 #2 store] 
Configuration path: ?

[2025-12-31 14:07:30 #3 type] 
Type modelo.Cliente is not enhanced.

[2025-12-31 14:07:30 #4 type] 
Type modelo.Venta is not enhanced.

[2025-12-31 14:07:30 #5 type] 
Type modelo.Domicilio is not enhanced.

[2025-12-31 14:07:30 #6 type] 
Type modelo.Turismo is not enhanced.

------------------------------------------------------------------------------------------------------------------------

[2025-12-31 14:09:52 #1 store] 
Database 'C:\Users\Mohammad\Documents\Eclipse Workspace\JavaExrsc\U4_ObjectDB_Actividades\data\concesionario.odb' is opened by 5136@DESKTOP-4B4VG9G

[2025-12-31 14:09:52 #2 store] 
Configuration path: ?

[2025-12-31 14:09:52 #3 type] 
Type modelo.Cliente is not enhanced.

[2025-12-31 14:09:52 #4 type] 
Type modelo.Venta is not enhanced.

[2025-12-31 14:09:52 #5 type] 
Type modelo.Domicilio is not enhanced.

[2025-12-31 14:09:52 #6 type] 
Type modelo.Turismo is not enhanced.

------------------------------------------------------------------------------------------------------------------------

[2025-12-31 14:30:27 #1 store] 
Database 'C:\Users\Mohammad\Documents\Eclipse Workspace\JavaExrsc\U4_ObjectDB_Actividades\data\concesionario.odb' is opened by 18832@DESKTOP-4B4VG9G

[2025-12-31 14:30:27 #2 store] 
Configuration path: ?

[2025-12-31 14:30:27 #3 type] 
Type modelo.Cliente is not enhanced.

[2025-12-31 14:30:27 #4 type] 
Type modelo.Venta is not enhanced.

[2025-12-31 14:30:27 #5 type] 
Type modelo.Domicilio is not enhanced.

[2025-12-31 14:30:27 #6 type] 
Type modelo.Turismo is not enhanced.

