------------------------------------------------------------------------------------------------------------------------

[2026-01-07 17:06:12 #1 store] 
Database 'C:\Users\Mohammad\Documents\Eclipse Workspace\JavaExrsc\U4_ObjectDB_Actividades\data\concesionario.odb' is opened by 23472@DESKTOP-4B4VG9G

[2026-01-07 17:06:12 #2 store] 
Configuration path: ?

[2026-01-07 17:06:12 #3 type] 
Type modelo.Cliente is not enhanced.

[2026-01-07 17:06:12 #4 type] 
Type modelo.Venta is not enhanced.

[2026-01-07 17:06:12 #5 type] 
Type modelo.Domicilio is not enhanced.

[2026-01-07 17:06:12 #6 type] 
Type modelo.Turismo is not enhanced.

------------------------------------------------------------------------------------------------------------------------

[2026-01-07 17:07:08 #1 store] 
Database 'C:\Users\Mohammad\Documents\Eclipse Workspace\JavaExrsc\U4_ObjectDB_Actividades\data\concesionario.odb' is opened by 26152@DESKTOP-4B4VG9G

[2026-01-07 17:07:08 #2 store] 
Configuration path: ?

[2026-01-07 17:07:08 #3 type] 
Type modelo.Cliente is not enhanced.

[2026-01-07 17:07:08 #4 type] 
Type modelo.Venta is not enhanced.

[2026-01-07 17:07:08 #5 type] 
Type modelo.Domicilio is not enhanced.

[2026-01-07 17:07:08 #6 type] 
Type modelo.Turismo is not enhanced.

------------------------------------------------------------------------------------------------------------------------

[2026-01-07 17:07:55 #1 store] 
Database 'C:\Users\Mohammad\Documents\Eclipse Workspace\JavaExrsc\U4_ObjectDB_Actividades\data\concesionario.odb' is opened by 6032@DESKTOP-4B4VG9G

[2026-01-07 17:07:55 #2 store] 
Configuration path: ?

[2026-01-07 17:07:55 #3 type] 
Type modelo.Turismo is not enhanced.

[2026-01-07 17:07:55 #4 type] 
Type modelo.Venta is not enhanced.

[2026-01-07 17:07:55 #5 type] 
Type modelo.Cliente is not enhanced.

[2026-01-07 17:07:55 #6 type] 
Type modelo.Domicilio is not enhanced.

[2026-01-07 17:07:55 #7 store] 
Database 'C:\Users\Mohammad\Documents\Eclipse Workspace\JavaExrsc\U4_ObjectDB_Actividades\data\concesionario.odb' is closed by 6032@DESKTOP-4B4VG9G

------------------------------------------------------------------------------------------------------------------------

[2026-01-07 17:08:31 #1 store] 
Database 'C:\Users\Mohammad\Documents\Eclipse Workspace\JavaExrsc\U4_ObjectDB_Actividades\data\concesionario.odb' is opened by 15680@DESKTOP-4B4VG9G

[2026-01-07 17:08:31 #2 store] 
Configuration path: ?

[2026-01-07 17:08:31 #3 type] 
Type modelo.Turismo is not enhanced.

[2026-01-07 17:08:31 #4 type] 
Type modelo.Venta is not enhanced.

[2026-01-07 17:08:31 #5 type] 
Type modelo.Cliente is not enhanced.

[2026-01-07 17:08:31 #6 type] 
Type modelo.Domicilio is not enhanced.

[2026-01-07 17:09:04 #7 store] 
Database 'C:\Users\Mohammad\Documents\Eclipse Workspace\JavaExrsc\U4_ObjectDB_Actividades\data\concesionario.odb' is closed by 15680@DESKTOP-4B4VG9G

------------------------------------------------------------------------------------------------------------------------

[2026-01-07 17:19:31 #1 store] 
Database 'C:\Users\Mohammad\Documents\Eclipse Workspace\JavaExrsc\U4_ObjectDB_Actividades\data\concesionario.odb' is opened by 13448@DESKTOP-4B4VG9G

[2026-01-07 17:19:31 #2 store] 
Configuration path: ?

[2026-01-07 17:19:31 #3 type] 
Type modelo.Turismo is not enhanced.

[2026-01-07 17:19:32 #4 type] 
Type modelo.Venta is not enhanced.

[2026-01-07 17:19:32 #5 type] 
Type modelo.Cliente is not enhanced.

[2026-01-07 17:19:32 #6 type] 
Type modelo.Domicilio is not enhanced.

[2026-01-07 17:19:43 #7 store] 
Database 'C:\Users\Mohammad\Documents\Eclipse Workspace\JavaExrsc\U4_ObjectDB_Actividades\data\concesionario.odb' is closed by 13448@DESKTOP-4B4VG9G

------------------------------------------------------------------------------------------------------------------------

[2026-01-07 17:25:01 #1 store] 
Database 'C:\Users\Mohammad\Documents\Eclipse Workspace\JavaExrsc\U4_ObjectDB_Actividades\data\concesionario.odb' is opened by 24100@DESKTOP-4B4VG9G

[2026-01-07 17:25:01 #2 store] 
Configuration path: ?

[2026-01-07 17:25:02 #3 type] 
Type modelo.Turismo is not enhanced.

[2026-01-07 17:25:02 #4 type] 
Type modelo.Venta is not enhanced.

[2026-01-07 17:25:02 #5 type] 
Type modelo.Cliente is not enhanced.

[2026-01-07 17:25:02 #6 type] 
Type modelo.Domicilio is not enhanced.

------------------------------------------------------------------------------------------------------------------------

[2026-01-07 17:28:31 #1 store] 
Database 'C:\Users\Mohammad\Documents\Eclipse Workspace\JavaExrsc\U4_ObjectDB_Actividades\data\concesionario.odb' is opened by 16168@DESKTOP-4B4VG9G

[2026-01-07 17:28:31 #2 store] 
Configuration path: ?

[2026-01-07 17:28:32 #3 type] 
Type modelo.Turismo is not enhanced.

[2026-01-07 17:28:32 #4 type] 
Type modelo.Venta is not enhanced.

[2026-01-07 17:28:32 #5 type] 
Type modelo.Cliente is not enhanced.

[2026-01-07 17:28:32 #6 type] 
Type modelo.Domicilio is not enhanced.

------------------------------------------------------------------------------------------------------------------------

[2026-01-07 17:29:32 #1 store] 
Database 'C:\Users\Mohammad\Documents\Eclipse Workspace\JavaExrsc\U4_ObjectDB_Actividades\data\concesionario.odb' is opened by 17740@DESKTOP-4B4VG9G

[2026-01-07 17:29:32 #2 store] 
Configuration path: ?

[2026-01-07 17:29:32 #3 type] 
Type modelo.Turismo is not enhanced.

[2026-01-07 17:29:32 #4 type] 
Type modelo.Venta is not enhanced.

[2026-01-07 17:29:32 #5 type] 
Type modelo.Cliente is not enhanced.

[2026-01-07 17:29:32 #6 type] 
Type modelo.Domicilio is not enhanced.

