------------------------------------------------------------------------------------------------------------------------

[2026-01-01 19:48:53 #1 store] 
Database 'C:\Users\andro\AntigravityGit\JavaExrsc\data\concesionario.odb' is opened by 19380@62DVIAVL

[2026-01-01 19:48:53 #2 store] 
Configuration path: ?

[2026-01-01 19:48:53 #3 type] 
Type modelo.Turismo is not enhanced.

[2026-01-01 19:48:53 #4 type] 
Type modelo.Venta is not enhanced.

[2026-01-01 19:48:53 #5 type] 
Type modelo.Cliente is not enhanced.

[2026-01-01 19:48:53 #6 type] 
Type modelo.Domicilio is not enhanced.

------------------------------------------------------------------------------------------------------------------------

[2026-01-01 19:53:27 #1 store] 
Database 'C:\Users\andro\AntigravityGit\JavaExrsc\data\concesionario.odb' has been recovered (tr. 1-3)

[2026-01-01 19:53:27 #2 store] 
Database 'C:\Users\andro\AntigravityGit\JavaExrsc\data\concesionario.odb' is opened by 9300@62DVIAVL

[2026-01-01 19:53:27 #3 store] 
Configuration path: ?

[2026-01-01 19:53:27 #4 type] 
Type modelo.Turismo is not enhanced.

[2026-01-01 19:53:27 #5 type] 
Type modelo.Venta is not enhanced.

[2026-01-01 19:53:27 #6 type] 
Type modelo.Cliente is not enhanced.

[2026-01-01 19:53:27 #7 type] 
Type modelo.Domicilio is not enhanced.

[2026-01-01 19:53:27 #8 store] 
Database 'C:\Users\andro\AntigravityGit\JavaExrsc\data\concesionario.odb' is closed by 9300@62DVIAVL

------------------------------------------------------------------------------------------------------------------------

[2026-01-01 19:53:34 #1 store] 
Database 'C:\Users\andro\AntigravityGit\JavaExrsc\data\concesionario.odb' is opened by 19148@62DVIAVL

[2026-01-01 19:53:34 #2 store] 
Configuration path: ?

[2026-01-01 19:53:34 #3 type] 
Type modelo.Turismo is not enhanced.

[2026-01-01 19:53:34 #4 type] 
Type modelo.Venta is not enhanced.

[2026-01-01 19:53:34 #5 type] 
Type modelo.Cliente is not enhanced.

[2026-01-01 19:53:34 #6 type] 
Type modelo.Domicilio is not enhanced.

[2026-01-01 19:53:34 #7 store] 
Database 'C:\Users\andro\AntigravityGit\JavaExrsc\data\concesionario.odb' is closed by 19148@62DVIAVL

------------------------------------------------------------------------------------------------------------------------

[2026-01-01 19:53:44 #1 store] 
Database 'C:\Users\andro\AntigravityGit\JavaExrsc\data\concesionario.odb' is opened by 8468@62DVIAVL

[2026-01-01 19:53:44 #2 store] 
Configuration path: ?

[2026-01-01 19:53:44 #3 type] 
Type modelo.Turismo is not enhanced.

[2026-01-01 19:53:44 #4 type] 
Type modelo.Venta is not enhanced.

[2026-01-01 19:53:44 #5 type] 
Type modelo.Cliente is not enhanced.

[2026-01-01 19:53:44 #6 type] 
Type modelo.Domicilio is not enhanced.

------------------------------------------------------------------------------------------------------------------------

[2026-01-01 22:32:11 #1 store] 
Database 'C:\Users\andro\AntigravityGit\JavaExrsc\data\concesionario.odb' is opened by 19700@62DVIAVL

[2026-01-01 22:32:11 #2 store] 
Configuration path: ?

[2026-01-01 22:32:11 #3 type] 
Type modelo.Turismo is not enhanced.

[2026-01-01 22:32:11 #4 type] 
Type modelo.Venta is not enhanced.

[2026-01-01 22:32:11 #5 type] 
Type modelo.Cliente is not enhanced.

[2026-01-01 22:32:11 #6 type] 
Type modelo.Domicilio is not enhanced.

------------------------------------------------------------------------------------------------------------------------

[2026-01-01 22:33:06 #1 store] 
Database 'C:\Users\andro\AntigravityGit\JavaExrsc\data\concesionario.odb' is opened by 5028@62DVIAVL

[2026-01-01 22:33:06 #2 store] 
Configuration path: ?

[2026-01-01 22:33:06 #3 type] 
Type modelo.Turismo is not enhanced.

[2026-01-01 22:33:06 #4 type] 
Type modelo.Venta is not enhanced.

[2026-01-01 22:33:06 #5 type] 
Type modelo.Cliente is not enhanced.

[2026-01-01 22:33:06 #6 type] 
Type modelo.Domicilio is not enhanced.

