------------------------------------------------------------------------------------------------------------------------

[2025-12-07 17:03:23 #1 store] 
Database 'C:\Users\andro\git\JavaExrsc\U4_Ejemplos_ObjectDB\data\campeonato.odb' is opened by 12904@62DVIAVL

[2025-12-07 17:03:23 #2 store] 
Configuration path: ?

[2025-12-07 17:03:23 #3 type] 
Type campeonato.modelo.Jugador is not enhanced.

[2025-12-07 17:03:23 #4 type] 
Type campeonato.modelo.Equipo is not enhanced.

[2025-12-07 17:03:23 #5 type] 
Type campeonato.modelo.Partido is not enhanced.

[2025-12-07 17:03:23 #6 type] 
Type campeonato.modelo.Resultado is not enhanced.

[2025-12-07 17:03:23 #7 store] 
Database 'C:\Users\andro\git\JavaExrsc\U4_Ejemplos_ObjectDB\data\campeonato.odb' is closed by 12904@62DVIAVL

------------------------------------------------------------------------------------------------------------------------

[2025-12-07 17:03:39 #1 store] 
Database 'C:\Users\andro\git\JavaExrsc\U4_Ejemplos_ObjectDB\data\campeonato.odb' is opened by 9812@62DVIAVL

[2025-12-07 17:03:39 #2 store] 
Configuration path: ?

[2025-12-07 17:03:40 #3 type] 
Type campeonato.modelo.Jugador is not enhanced.

[2025-12-07 17:03:40 #4 type] 
Type campeonato.modelo.Equipo is not enhanced.

[2025-12-07 17:03:40 #5 type] 
Type campeonato.modelo.Partido is not enhanced.

[2025-12-07 17:03:40 #6 type] 
Type campeonato.modelo.Resultado is not enhanced.

[2025-12-07 17:03:40 #7 store] 
Database 'C:\Users\andro\git\JavaExrsc\U4_Ejemplos_ObjectDB\data\campeonato.odb' is closed by 9812@62DVIAVL

