------------------------------------------------------------------------------------------------------------------------

[2025-12-04 12:49:59 #1 store] 
Database 'D:\MODULO Eclipse Workspace\U4_Ejemplos_ObjectDB\data\campeonato.odb' is opened by 10424@PC-FERNANDO

[2025-12-04 12:49:59 #2 store] 
Configuration path: ?

[2025-12-04 12:49:59 #3 type] 
Type campeonato.modelo.Jugador is not enhanced.

[2025-12-04 12:49:59 #4 type] 
Type campeonato.modelo.Equipo is not enhanced.

[2025-12-04 12:49:59 #5 type] 
Type campeonato.modelo.Partido is not enhanced.

[2025-12-04 12:49:59 #6 type] 
Type campeonato.modelo.Resultado is not enhanced.

[2025-12-04 12:49:59 #7 store] 
Database 'D:\MODULO Eclipse Workspace\U4_Ejemplos_ObjectDB\data\campeonato.odb' is closed by 10424@PC-FERNANDO

------------------------------------------------------------------------------------------------------------------------

[2025-12-04 12:54:41 #1 store] 
Database 'D:\MODULO Eclipse Workspace\U4_Ejemplos_ObjectDB\data\campeonato.odb' is opened by 15080@PC-FERNANDO

[2025-12-04 12:54:41 #2 store] 
Configuration path: ?

[2025-12-04 12:54:41 #3 type] 
Type campeonato.modelo.Jugador is not enhanced.

[2025-12-04 12:54:41 #4 type] 
Type campeonato.modelo.Equipo is not enhanced.

[2025-12-04 12:54:41 #5 type] 
Type campeonato.modelo.Partido is not enhanced.

[2025-12-04 12:54:41 #6 type] 
Type campeonato.modelo.Resultado is not enhanced.

[2025-12-04 12:54:41 #7 store] 
Database 'D:\MODULO Eclipse Workspace\U4_Ejemplos_ObjectDB\data\campeonato.odb' is closed by 15080@PC-FERNANDO

------------------------------------------------------------------------------------------------------------------------

[2025-12-04 12:56:01 #1 store] 
Database 'D:\MODULO Eclipse Workspace\U4_Ejemplos_ObjectDB\data\campeonato.odb' is opened by 296@PC-FERNANDO

[2025-12-04 12:56:01 #2 store] 
Configuration path: ?

[2025-12-04 12:56:01 #3 type] 
Type campeonato.modelo.Jugador is not enhanced.

[2025-12-04 12:56:01 #4 type] 
Type campeonato.modelo.Equipo is not enhanced.

[2025-12-04 12:56:01 #5 type] 
Type campeonato.modelo.Partido is not enhanced.

[2025-12-04 12:56:01 #6 type] 
Type campeonato.modelo.Resultado is not enhanced.

[2025-12-04 12:56:01 #7 store] 
Database 'D:\MODULO Eclipse Workspace\U4_Ejemplos_ObjectDB\data\campeonato.odb' is closed by 296@PC-FERNANDO

------------------------------------------------------------------------------------------------------------------------

[2025-12-04 14:20:35 #1 store] 
Database 'D:\MODULO Eclipse Workspace\U4_Ejemplos_ObjectDB\data\campeonato.odb' is opened by 12476@PC-FERNANDO

[2025-12-04 14:20:35 #2 store] 
Configuration path: ?

[2025-12-04 14:20:35 #3 type] 
Type campeonato.modelo.Jugador is not enhanced.

[2025-12-04 14:20:35 #4 type] 
Type campeonato.modelo.Equipo is not enhanced.

[2025-12-04 14:20:35 #5 type] 
Type campeonato.modelo.Partido is not enhanced.

[2025-12-04 14:20:35 #6 type] 
Type campeonato.modelo.Resultado is not enhanced.

[2025-12-04 14:20:35 #7 store] 
Database 'D:\MODULO Eclipse Workspace\U4_Ejemplos_ObjectDB\data\campeonato.odb' is closed by 12476@PC-FERNANDO

------------------------------------------------------------------------------------------------------------------------

[2025-12-04 14:21:41 #1 store] 
Database 'D:\MODULO Eclipse Workspace\U4_Ejemplos_ObjectDB\data\campeonato.odb' is opened by 1112@PC-FERNANDO

[2025-12-04 14:21:41 #2 store] 
Configuration path: ?

[2025-12-04 14:21:41 #3 type] 
Type campeonato.modelo.Jugador is not enhanced.

[2025-12-04 14:21:41 #4 type] 
Type campeonato.modelo.Equipo is not enhanced.

[2025-12-04 14:21:41 #5 type] 
Type campeonato.modelo.Partido is not enhanced.

[2025-12-04 14:21:41 #6 type] 
Type campeonato.modelo.Resultado is not enhanced.

[2025-12-04 14:21:41 #7 store] 
Database 'D:\MODULO Eclipse Workspace\U4_Ejemplos_ObjectDB\data\campeonato.odb' is closed by 1112@PC-FERNANDO

------------------------------------------------------------------------------------------------------------------------

[2025-12-04 14:25:37 #1 store] 
Database 'D:\MODULO Eclipse Workspace\U4_Ejemplos_ObjectDB\data\campeonato.odb' is opened by 7872@PC-FERNANDO

[2025-12-04 14:25:37 #2 store] 
Configuration path: ?

[2025-12-04 14:25:37 #3 type] 
Type campeonato.modelo.Jugador is not enhanced.

[2025-12-04 14:25:37 #4 type] 
Type campeonato.modelo.Equipo is not enhanced.

[2025-12-04 14:25:37 #5 type] 
Type campeonato.modelo.Partido is not enhanced.

[2025-12-04 14:25:37 #6 type] 
Type campeonato.modelo.Resultado is not enhanced.

[2025-12-04 14:25:37 #7 store] 
Database 'D:\MODULO Eclipse Workspace\U4_Ejemplos_ObjectDB\data\campeonato.odb' is closed by 7872@PC-FERNANDO

------------------------------------------------------------------------------------------------------------------------

[2025-12-04 14:25:58 #1 store] 
Database 'D:\MODULO Eclipse Workspace\U4_Ejemplos_ObjectDB\data\campeonato.odb' is opened by 4784@PC-FERNANDO

[2025-12-04 14:25:58 #2 store] 
Configuration path: ?

[2025-12-04 14:25:58 #3 type] 
Type campeonato.modelo.Jugador is not enhanced.

[2025-12-04 14:25:58 #4 type] 
Type campeonato.modelo.Equipo is not enhanced.

[2025-12-04 14:25:58 #5 type] 
Type campeonato.modelo.Partido is not enhanced.

[2025-12-04 14:25:58 #6 type] 
Type campeonato.modelo.Resultado is not enhanced.

[2025-12-04 14:25:58 #7 store] 
Database 'D:\MODULO Eclipse Workspace\U4_Ejemplos_ObjectDB\data\campeonato.odb' is closed by 4784@PC-FERNANDO

------------------------------------------------------------------------------------------------------------------------

[2025-12-04 14:27:41 #1 store] 
Database 'D:\MODULO Eclipse Workspace\U4_Ejemplos_ObjectDB\data\campeonato.odb' is opened by 11104@PC-FERNANDO

[2025-12-04 14:27:41 #2 store] 
Configuration path: ?

[2025-12-04 14:27:41 #3 type] 
Type campeonato.modelo.Jugador is not enhanced.

[2025-12-04 14:27:41 #4 type] 
Type campeonato.modelo.Equipo is not enhanced.

[2025-12-04 14:27:41 #5 type] 
Type campeonato.modelo.Partido is not enhanced.

[2025-12-04 14:27:41 #6 type] 
Type campeonato.modelo.Resultado is not enhanced.

[2025-12-04 14:27:41 #7 store] 
Database 'D:\MODULO Eclipse Workspace\U4_Ejemplos_ObjectDB\data\campeonato.odb' is closed by 11104@PC-FERNANDO

------------------------------------------------------------------------------------------------------------------------

[2025-12-04 14:28:05 #1 store] 
Database 'D:\MODULO Eclipse Workspace\U4_Ejemplos_ObjectDB\data\campeonato.odb' is opened by 12588@PC-FERNANDO

[2025-12-04 14:28:05 #2 store] 
Configuration path: ?

[2025-12-04 14:28:05 #3 type] 
Type campeonato.modelo.Jugador is not enhanced.

[2025-12-04 14:28:05 #4 type] 
Type campeonato.modelo.Equipo is not enhanced.

[2025-12-04 14:28:05 #5 type] 
Type campeonato.modelo.Partido is not enhanced.

[2025-12-04 14:28:05 #6 type] 
Type campeonato.modelo.Resultado is not enhanced.

[2025-12-04 14:28:05 #7 store] 
Database 'D:\MODULO Eclipse Workspace\U4_Ejemplos_ObjectDB\data\campeonato.odb' is closed by 12588@PC-FERNANDO

------------------------------------------------------------------------------------------------------------------------

[2025-12-04 14:28:14 #1 store] 
Database 'D:\MODULO Eclipse Workspace\U4_Ejemplos_ObjectDB\data\campeonato.odb' is opened by 13492@PC-FERNANDO

[2025-12-04 14:28:14 #2 store] 
Configuration path: ?

[2025-12-04 14:28:14 #3 type] 
Type campeonato.modelo.Jugador is not enhanced.

[2025-12-04 14:28:14 #4 type] 
Type campeonato.modelo.Equipo is not enhanced.

[2025-12-04 14:28:14 #5 type] 
Type campeonato.modelo.Partido is not enhanced.

[2025-12-04 14:28:14 #6 type] 
Type campeonato.modelo.Resultado is not enhanced.

[2025-12-04 14:28:14 #7 store] 
Database 'D:\MODULO Eclipse Workspace\U4_Ejemplos_ObjectDB\data\campeonato.odb' is closed by 13492@PC-FERNANDO

